<?xml version="1.0" encoding="UTF-8"?>
<!-- Generated by org.testng.reporters.JUnitXMLReporter -->
<testsuite ignored="0" hostname="LAPTOP-0M241GU1" failures="0" tests="3" name="HomePageTest" time="7.643" errors="0" timestamp="2024-05-06T13:55:47 IST">
  <testcase classname="com.CRM.TestCases.HomePageTest" name="verifyUrl" time="0.043"/>
  <testcase classname="com.CRM.TestCases.HomePageTest" name="verifyTitle" time="0.031"/>
  <testcase classname="com.CRM.TestCases.HomePageTest" name="verifySignIn" time="0.658"/>
</testsuite> <!-- HomePageTest -->
