<?xml version="1.0" encoding="UTF-8"?>
<!-- Generated by org.testng.reporters.JUnitXMLReporter -->
<testsuite ignored="0" hostname="LAPTOP-0M241GU1" failures="0" tests="3" name="Test" time="9.028" errors="0" timestamp="2024-05-02T19:59:26 IST">
  <testcase classname="com.CRM.TestCases.HomePageTest" name="verifyUrl" time="0.031"/>
  <testcase classname="com.CRM.TestCases.HomePageTest" name="verifyTitle" time="0.029"/>
  <testcase classname="com.CRM.TestCases.HomePageTest" name="verifySignIn" time="1.352"/>
</testsuite> <!-- Test -->
