<?xml version="1.0" encoding="UTF-8"?>
<!-- Generated by org.testng.reporters.JUnitXMLReporter -->
<testsuite ignored="0" hostname="LAPTOP-0M241GU1" failures="0" tests="3" name="HomePageTest" time="8.585" errors="0" timestamp="2024-05-06T14:11:40 IST">
  <testcase classname="com.CRM.TestCases.HomePageTest" name="verifyUrl" time="0.022"/>
  <testcase classname="com.CRM.TestCases.HomePageTest" name="verifyTitle" time="0.017"/>
  <testcase classname="com.CRM.TestCases.HomePageTest" name="verifySignIn" time="0.416"/>
</testsuite> <!-- HomePageTest -->
