<?xml version="1.0" encoding="UTF-8"?>
<!-- Generated by org.testng.reporters.JUnitXMLReporter -->
<testsuite ignored="0" hostname="LAPTOP-0M241GU1" failures="0" tests="3" name="HomePageTest" time="7.598" errors="0" timestamp="2024-05-06T13:06:55 IST">
  <testcase classname="com.CRM.TestCases.HomePageTest" name="verifyUrl" time="0.032"/>
  <testcase classname="com.CRM.TestCases.HomePageTest" name="verifyTitle" time="0.018"/>
  <testcase classname="com.CRM.TestCases.HomePageTest" name="verifySignIn" time="0.207"/>
</testsuite> <!-- HomePageTest -->
