<?xml version="1.0" encoding="UTF-8"?>
<testsuite xmlns:xsi="http://www.w3.org/2001/XMLSchema-instance" xsi:noNamespaceSchemaLocation="https://maven.apache.org/surefire/maven-surefire-plugin/xsd/surefire-test-report-3.0.xsd" version="3.0" name="TestSuite" time="23.487" tests="4" errors="0" skipped="0" failures="0">
  <properties>
[...]
</properties>
  <testcase name="verifyUrl" classname="com.CRM.TestCases.HomePageTest" time="0.039">
    <system-out><![CDATA[URL is validhttps://automationplayground.com/crm/login.html
]]></system-out>
    <system-err><![CDATA[SLF4J: Failed to load class "org.slf4j.impl.StaticLoggerBinder".
SLF4J: Defaulting to no-operation (NOP) logger implementation
SLF4J: See http://www.slf4j.org/codes.html#StaticLoggerBinder for further details.
May 06, 2024 1:06:50 PM org.openqa.selenium.devtools.CdpVersionFinder findNearestMatch
WARNING: Unable to find an exact match for CDP version 124, returning the closest version; found: 122; Please update to a Selenium version that supports CDP version 124
]]></system-err>
  </testcase>
  <testcase name="verifyTitle" classname="com.CRM.TestCases.HomePageTest" time="0.034">
    <system-out><![CDATA[Title is matched!Customer Service - Login
]]></system-out>
  </testcase>
  <testcase name="verifySignIn" classname="com.CRM.TestCases.HomePageTest" time="0.199">
    <system-out><![CDATA[Test Pass: Login page gets open!
]]></system-out>
  </testcase>
  <testcase name="verifyLogin" classname="com.CRM.TestCases.LoginPageTest" time="0.734">
    <system-err><![CDATA[May 06, 2024 1:06:57 PM org.openqa.selenium.devtools.CdpVersionFinder findNearestMatch
WARNING: Unable to find an exact match for CDP version 124, returning the closest version; found: 122; Please update to a Selenium version that supports CDP version 124
]]></system-err>
  </testcase>
</testsuite>