<?xml version="1.0" encoding="UTF-8"?>
<testng-results ignored="0" total="4" passed="4" failed="0" skipped="0">
  <reporter-output>
  </reporter-output>
  <suite started-at="2024-05-06T14:11:32 IST" name="Suite" finished-at="2024-05-06T14:11:52 IST" duration-ms="20572">
    <groups>
    </groups>
    <test started-at="2024-05-06T14:11:32 IST" name="HomePageTest" finished-at="2024-05-06T14:11:40 IST" duration-ms="8585">
      <class name="com.CRM.TestCases.HomePageTest">
        <test-method is-config="true" signature="setUp()[pri:0, instance:com.CRM.TestCases.HomePageTest@3f197a46]" started-at="2024-05-06T14:11:32 IST" name="setUp" finished-at="2024-05-06T14:11:38 IST" duration-ms="6517" status="PASS">
          <reporter-output>
          </reporter-output>
        </test-method> <!-- setUp -->
        <test-method is-config="true" signature="pageSetUp()[pri:0, instance:com.CRM.TestCases.HomePageTest@3f197a46]" started-at="2024-05-06T14:11:38 IST" name="pageSetUp" finished-at="2024-05-06T14:11:40 IST" duration-ms="1563" status="PASS">
          <reporter-output>
          </reporter-output>
        </test-method> <!-- pageSetUp -->
        <test-method signature="verifyUrl()[pri:1, instance:com.CRM.TestCases.HomePageTest@3f197a46]" started-at="2024-05-06T14:11:40 IST" name="verifyUrl" finished-at="2024-05-06T14:11:40 IST" duration-ms="22" status="PASS">
          <reporter-output>
          </reporter-output>
        </test-method> <!-- verifyUrl -->
        <test-method signature="verifyTitle()[pri:2, instance:com.CRM.TestCases.HomePageTest@3f197a46]" started-at="2024-05-06T14:11:40 IST" name="verifyTitle" finished-at="2024-05-06T14:11:40 IST" duration-ms="17" status="PASS">
          <reporter-output>
          </reporter-output>
        </test-method> <!-- verifyTitle -->
        <test-method signature="verifySignIn()[pri:3, instance:com.CRM.TestCases.HomePageTest@3f197a46]" started-at="2024-05-06T14:11:40 IST" name="verifySignIn" finished-at="2024-05-06T14:11:40 IST" duration-ms="416" status="PASS">
          <reporter-output>
          </reporter-output>
        </test-method> <!-- verifySignIn -->
      </class> <!-- com.CRM.TestCases.HomePageTest -->
    </test> <!-- HomePageTest -->
    <test started-at="2024-05-06T14:11:40 IST" name="LoginPageTest" finished-at="2024-05-06T14:11:52 IST" duration-ms="11934">
      <class name="com.CRM.TestCases.LoginPageTest">
        <test-method is-config="true" signature="setUp()[pri:0, instance:com.CRM.TestCases.LoginPageTest@59fd97a8]" started-at="2024-05-06T14:11:40 IST" name="setUp" finished-at="2024-05-06T14:11:45 IST" duration-ms="4399" status="PASS">
          <reporter-output>
          </reporter-output>
        </test-method> <!-- setUp -->
        <test-method is-config="true" signature="pageSetUp()[pri:0, instance:com.CRM.TestCases.LoginPageTest@59fd97a8]" started-at="2024-05-06T14:11:45 IST" name="pageSetUp" finished-at="2024-05-06T14:11:46 IST" duration-ms="1568" status="PASS">
          <reporter-output>
          </reporter-output>
        </test-method> <!-- pageSetUp -->
        <test-method signature="verifyLogin()[pri:0, instance:com.CRM.TestCases.LoginPageTest@59fd97a8]" started-at="2024-05-06T14:11:46 IST" name="verifyLogin" finished-at="2024-05-06T14:11:52 IST" duration-ms="5965" status="PASS">
          <reporter-output>
          </reporter-output>
        </test-method> <!-- verifyLogin -->
      </class> <!-- com.CRM.TestCases.LoginPageTest -->
    </test> <!-- LoginPageTest -->
  </suite> <!-- Suite -->
</testng-results>
