<?xml version="1.0" encoding="UTF-8"?>
<testng-results ignored="0" total="4" passed="4" failed="0" skipped="0">
  <reporter-output>
  </reporter-output>
  <suite started-at="2024-05-06T13:55:40 IST" name="Suite" finished-at="2024-05-06T13:56:17 IST" duration-ms="37128">
    <groups>
    </groups>
    <test started-at="2024-05-06T13:55:40 IST" name="HomePageTest" finished-at="2024-05-06T13:55:47 IST" duration-ms="7643">
      <class name="com.CRM.TestCases.HomePageTest">
        <test-method is-config="true" signature="setUp()[pri:0, instance:com.CRM.TestCases.HomePageTest@639c2c1d]" started-at="2024-05-06T13:55:40 IST" name="setUp" finished-at="2024-05-06T13:55:45 IST" duration-ms="5196" status="PASS">
          <reporter-output>
          </reporter-output>
        </test-method> <!-- setUp -->
        <test-method is-config="true" signature="pageSetUp()[pri:0, instance:com.CRM.TestCases.HomePageTest@639c2c1d]" started-at="2024-05-06T13:55:45 IST" name="pageSetUp" finished-at="2024-05-06T13:55:46 IST" duration-ms="1619" status="PASS">
          <reporter-output>
          </reporter-output>
        </test-method> <!-- pageSetUp -->
        <test-method signature="verifyUrl()[pri:1, instance:com.CRM.TestCases.HomePageTest@639c2c1d]" started-at="2024-05-06T13:55:46 IST" name="verifyUrl" finished-at="2024-05-06T13:55:46 IST" duration-ms="43" status="PASS">
          <reporter-output>
          </reporter-output>
        </test-method> <!-- verifyUrl -->
        <test-method signature="verifyTitle()[pri:2, instance:com.CRM.TestCases.HomePageTest@639c2c1d]" started-at="2024-05-06T13:55:46 IST" name="verifyTitle" finished-at="2024-05-06T13:55:47 IST" duration-ms="31" status="PASS">
          <reporter-output>
          </reporter-output>
        </test-method> <!-- verifyTitle -->
        <test-method signature="verifySignIn()[pri:3, instance:com.CRM.TestCases.HomePageTest@639c2c1d]" started-at="2024-05-06T13:55:47 IST" name="verifySignIn" finished-at="2024-05-06T13:55:47 IST" duration-ms="658" status="PASS">
          <reporter-output>
          </reporter-output>
        </test-method> <!-- verifySignIn -->
      </class> <!-- com.CRM.TestCases.HomePageTest -->
    </test> <!-- HomePageTest -->
    <test started-at="2024-05-06T13:55:47 IST" name="LoginPageTest" finished-at="2024-05-06T13:56:17 IST" duration-ms="29386">
      <class name="com.CRM.TestCases.LoginPageTest">
        <test-method is-config="true" signature="setUp()[pri:0, instance:com.CRM.TestCases.LoginPageTest@3857f613]" started-at="2024-05-06T13:55:47 IST" name="setUp" finished-at="2024-05-06T13:55:55 IST" duration-ms="7811" status="PASS">
          <reporter-output>
          </reporter-output>
        </test-method> <!-- setUp -->
        <test-method is-config="true" signature="pageSetUp()[pri:0, instance:com.CRM.TestCases.LoginPageTest@3857f613]" started-at="2024-05-06T13:55:55 IST" name="pageSetUp" finished-at="2024-05-06T13:56:01 IST" duration-ms="5993" status="PASS">
          <reporter-output>
          </reporter-output>
        </test-method> <!-- pageSetUp -->
        <test-method signature="verifyLogin()[pri:0, instance:com.CRM.TestCases.LoginPageTest@3857f613]" started-at="2024-05-06T13:56:01 IST" name="verifyLogin" finished-at="2024-05-06T13:56:17 IST" duration-ms="15575" status="PASS">
          <reporter-output>
          </reporter-output>
        </test-method> <!-- verifyLogin -->
      </class> <!-- com.CRM.TestCases.LoginPageTest -->
    </test> <!-- LoginPageTest -->
  </suite> <!-- Suite -->
</testng-results>
